0 info it worked if it ends with ok
1 verbose cli [ 'node', '/usr/local/bin/npm', 'publish' ]
2 info using npm@3.5.2
3 info using node@v0.12.9
4 verbose publish [ '.' ]
5 verbose stack Error: Failed to parse json
5 verbose stack Trailing comma in object at 30:1
5 verbose stack }
5 verbose stack ^
5 verbose stack     at parseError (/usr/local/lib/node_modules/npm/node_modules/read-package-json/read-json.js:379:11)
5 verbose stack     at parseJson (/usr/local/lib/node_modules/npm/node_modules/read-package-json/read-json.js:68:23)
5 verbose stack     at /usr/local/lib/node_modules/npm/node_modules/read-package-json/read-json.js:48:5
5 verbose stack     at /usr/local/lib/node_modules/npm/node_modules/graceful-fs/graceful-fs.js:76:16
5 verbose stack     at fs.js:334:14
5 verbose stack     at /usr/local/lib/node_modules/npm/node_modules/graceful-fs/graceful-fs.js:42:10
5 verbose stack     at FSReqWrap.oncomplete (fs.js:95:15)
6 verbose cwd /Users/dan/repos/hoa/prorate
7 error Darwin 15.2.0
8 error argv "node" "/usr/local/bin/npm" "publish"
9 error node v0.12.9
10 error npm  v3.5.2
11 error file /Users/dan/repos/hoa/prorate/package.json
12 error code EJSONPARSE
13 error Failed to parse json
13 error Trailing comma in object at 30:1
13 error }
13 error ^
14 error File: /Users/dan/repos/hoa/prorate/package.json
15 error Failed to parse package.json data.
15 error package.json must be actual JSON, not just JavaScript.
15 error
15 error This is not a bug in npm.
15 error Tell the package author to fix their package.json file. JSON.parse
16 verbose exit [ 1, true ]
